<?xml version="1.0" encoding="UTF-8"?>
<!-- Generated by org.testng.reporters.JUnitReportReporter -->
<testsuite hostname="BhavnaLappy" failures="0" tests="1" name="com.bhavna.java.restassured.testClassPackage.POST_TC_2" time="1.224" errors="0" timestamp="2023-05-28T06:24:18 GMT-04:00" skipped="0">
  <testcase classname="com.bhavna.java.restassured.testClassPackage.POST_TC_2" name="execute" time="1.224"/>
  <system-out/>
</testsuite> <!-- com.bhavna.java.restassured.testClassPackage.POST_TC_2 -->
